2015-08-25 05:36:23 Error: [MissingControllerException] Controller class SeminarController could not be found.
Exception Attributes: array (
  'class' => 'SeminarController',
  'plugin' => NULL,
)
Request URL: /MatchingApp/Seminar
Stack Trace:
#0 /Applications/MAMP/htdocs/MatchingApp/app/webroot/index.php(118): Dispatcher->dispatch(Object(CakeRequest), Object(CakeResponse))
#1 {main}
2015-08-25 05:36:38 Error: Fatal Error (4): syntax error, unexpected '/', expecting '(' in [/Applications/MAMP/htdocs/MatchingApp/app/Controller/SeminarsController.php, line 111]
2015-08-25 05:36:38 Error: [FatalErrorException] syntax error, unexpected '/', expecting '('
Request URL: /MatchingApp/seminars
Stack Trace:
#0 /Applications/MAMP/htdocs/MatchingApp/lib/Cake/Error/ErrorHandler.php(213): ErrorHandler::handleFatalError(4, 'syntax error, u...', '/Applications/M...', 111)
#1 [internal function]: ErrorHandler::handleError(4, 'syntax error, u...', '/Applications/M...', 111, Array)
#2 /Applications/MAMP/htdocs/MatchingApp/lib/Cake/Core/App.php(933): call_user_func('ErrorHandler::h...', 4, 'syntax error, u...', '/Applications/M...', 111, Array)
#3 /Applications/MAMP/htdocs/MatchingApp/lib/Cake/Core/App.php(906): App::_checkFatalError()
#4 [internal function]: App::shutdown()
#5 {main}
2015-08-25 08:14:28 Error: Fatal Error (4): syntax error, unexpected end of file, expecting function (T_FUNCTION) in [/Applications/MAMP/htdocs/MatchingApp/app/Controller/TopsController.php, line 19]
2015-08-25 08:14:28 Error: [FatalErrorException] syntax error, unexpected end of file, expecting function (T_FUNCTION)
Request URL: /MatchingApp/
Stack Trace:
#0 /Applications/MAMP/htdocs/MatchingApp/lib/Cake/Error/ErrorHandler.php(213): ErrorHandler::handleFatalError(4, 'syntax error, u...', '/Applications/M...', 19)
#1 [internal function]: ErrorHandler::handleError(4, 'syntax error, u...', '/Applications/M...', 19, Array)
#2 /Applications/MAMP/htdocs/MatchingApp/lib/Cake/Core/App.php(933): call_user_func('ErrorHandler::h...', 4, 'syntax error, u...', '/Applications/M...', 19, Array)
#3 /Applications/MAMP/htdocs/MatchingApp/lib/Cake/Core/App.php(906): App::_checkFatalError()
#4 [internal function]: App::shutdown()
#5 {main}
2015-08-25 08:14:50 Error: [MissingViewException] View file "Tops/index.ctp" is missing.
Exception Attributes: array (
  'file' => 'Tops/index.ctp',
)
Request URL: /MatchingApp/
Stack Trace:
#0 /Applications/MAMP/htdocs/MatchingApp/lib/Cake/View/View.php(470): View->_getViewFileName(NULL)
#1 /Applications/MAMP/htdocs/MatchingApp/lib/Cake/Controller/Controller.php(960): View->render(NULL, NULL)
#2 /Applications/MAMP/htdocs/MatchingApp/lib/Cake/Routing/Dispatcher.php(200): Controller->render()
#3 /Applications/MAMP/htdocs/MatchingApp/lib/Cake/Routing/Dispatcher.php(167): Dispatcher->_invoke(Object(TopsController), Object(CakeRequest))
#4 /Applications/MAMP/htdocs/MatchingApp/app/webroot/index.php(118): Dispatcher->dispatch(Object(CakeRequest), Object(CakeResponse))
#5 {main}
2015-08-25 08:38:27 Error: [MissingViewException] View file "Seminars/suggesting_seminar.ctp" is missing.
Exception Attributes: array (
  'file' => 'Seminars/suggesting_seminar.ctp',
)
Request URL: /MatchingApp/Seminars/suggestingSeminar
Stack Trace:
#0 /Applications/MAMP/htdocs/MatchingApp/lib/Cake/View/View.php(470): View->_getViewFileName(NULL)
#1 /Applications/MAMP/htdocs/MatchingApp/lib/Cake/Controller/Controller.php(960): View->render(NULL, NULL)
#2 /Applications/MAMP/htdocs/MatchingApp/lib/Cake/Routing/Dispatcher.php(200): Controller->render()
#3 /Applications/MAMP/htdocs/MatchingApp/lib/Cake/Routing/Dispatcher.php(167): Dispatcher->_invoke(Object(SeminarsController), Object(CakeRequest))
#4 /Applications/MAMP/htdocs/MatchingApp/app/webroot/index.php(118): Dispatcher->dispatch(Object(CakeRequest), Object(CakeResponse))
#5 {main}
2015-08-25 09:25:30 Error: Fatal Error (64): Cannot redeclare h() (previously declared in /Applications/MAMP/htdocs/MatchingApp/lib/Cake/basics.php:202) in [/Applications/MAMP/htdocs/MatchingApp/app/View/Seminars/suggesting_seminar.ctp, line 5]
2015-08-25 09:25:30 Error: [FatalErrorException] Cannot redeclare h() (previously declared in /Applications/MAMP/htdocs/MatchingApp/lib/Cake/basics.php:202)
Request URL: /MatchingApp/Seminars/suggestingSeminar
Stack Trace:
#0 /Applications/MAMP/htdocs/MatchingApp/lib/Cake/Error/ErrorHandler.php(213): ErrorHandler::handleFatalError(64, 'Cannot redeclar...', '/Applications/M...', 5)
#1 [internal function]: ErrorHandler::handleError(64, 'Cannot redeclar...', '/Applications/M...', 5, Array)
#2 /Applications/MAMP/htdocs/MatchingApp/lib/Cake/Core/App.php(933): call_user_func('ErrorHandler::h...', 64, 'Cannot redeclar...', '/Applications/M...', 5, Array)
#3 /Applications/MAMP/htdocs/MatchingApp/lib/Cake/Core/App.php(906): App::_checkFatalError()
#4 [internal function]: App::shutdown()
#5 {main}
2015-08-25 09:34:01 Error: Fatal Error (1): Call to a member function set() on null in [/Applications/MAMP/htdocs/MatchingApp/app/Controller/SeminarsController.php, line 27]
2015-08-25 09:34:01 Error: [FatalErrorException] Call to a member function set() on null
Request URL: /MatchingApp/Seminars/suggestingSeminar
Stack Trace:
#0 /Applications/MAMP/htdocs/MatchingApp/lib/Cake/Error/ErrorHandler.php(213): ErrorHandler::handleFatalError(1, 'Call to a membe...', '/Applications/M...', 27)
#1 [internal function]: ErrorHandler::handleError(1, 'Call to a membe...', '/Applications/M...', 27, Array)
#2 /Applications/MAMP/htdocs/MatchingApp/lib/Cake/Core/App.php(933): call_user_func('ErrorHandler::h...', 1, 'Call to a membe...', '/Applications/M...', 27, Array)
#3 /Applications/MAMP/htdocs/MatchingApp/lib/Cake/Core/App.php(906): App::_checkFatalError()
#4 [internal function]: App::shutdown()
#5 {main}
2015-08-25 09:34:28 Error: Fatal Error (1): Call to a member function set() on null in [/Applications/MAMP/htdocs/MatchingApp/app/Controller/SeminarsController.php, line 27]
2015-08-25 09:34:28 Error: [FatalErrorException] Call to a member function set() on null
Request URL: /MatchingApp/Seminars/suggestingSeminar
Stack Trace:
#0 /Applications/MAMP/htdocs/MatchingApp/lib/Cake/Error/ErrorHandler.php(213): ErrorHandler::handleFatalError(1, 'Call to a membe...', '/Applications/M...', 27)
#1 [internal function]: ErrorHandler::handleError(1, 'Call to a membe...', '/Applications/M...', 27, Array)
#2 /Applications/MAMP/htdocs/MatchingApp/lib/Cake/Core/App.php(933): call_user_func('ErrorHandler::h...', 1, 'Call to a membe...', '/Applications/M...', 27, Array)
#3 /Applications/MAMP/htdocs/MatchingApp/lib/Cake/Core/App.php(906): App::_checkFatalError()
#4 [internal function]: App::shutdown()
#5 {main}
2015-08-25 09:34:50 Error: Fatal Error (64): Cannot redeclare h() (previously declared in /Applications/MAMP/htdocs/MatchingApp/lib/Cake/basics.php:202) in [/Applications/MAMP/htdocs/MatchingApp/app/View/Seminars/suggesting_seminar.ctp, line 5]
2015-08-25 09:34:50 Error: [FatalErrorException] Cannot redeclare h() (previously declared in /Applications/MAMP/htdocs/MatchingApp/lib/Cake/basics.php:202)
Request URL: /MatchingApp/Seminars/suggestingSeminar
Stack Trace:
#0 /Applications/MAMP/htdocs/MatchingApp/lib/Cake/Error/ErrorHandler.php(213): ErrorHandler::handleFatalError(64, 'Cannot redeclar...', '/Applications/M...', 5)
#1 [internal function]: ErrorHandler::handleError(64, 'Cannot redeclar...', '/Applications/M...', 5, Array)
#2 /Applications/MAMP/htdocs/MatchingApp/lib/Cake/Core/App.php(933): call_user_func('ErrorHandler::h...', 64, 'Cannot redeclar...', '/Applications/M...', 5, Array)
#3 /Applications/MAMP/htdocs/MatchingApp/lib/Cake/Core/App.php(906): App::_checkFatalError()
#4 [internal function]: App::shutdown()
#5 {main}
2015-08-25 09:35:56 Error: Fatal Error (64): Cannot redeclare h() (previously declared in /Applications/MAMP/htdocs/MatchingApp/lib/Cake/basics.php:202) in [/Applications/MAMP/htdocs/MatchingApp/app/View/Seminars/suggesting_seminar.ctp, line 5]
2015-08-25 09:35:56 Error: [FatalErrorException] Cannot redeclare h() (previously declared in /Applications/MAMP/htdocs/MatchingApp/lib/Cake/basics.php:202)
Request URL: /MatchingApp/Seminars/suggestingSeminar
Stack Trace:
#0 /Applications/MAMP/htdocs/MatchingApp/lib/Cake/Error/ErrorHandler.php(213): ErrorHandler::handleFatalError(64, 'Cannot redeclar...', '/Applications/M...', 5)
#1 [internal function]: ErrorHandler::handleError(64, 'Cannot redeclar...', '/Applications/M...', 5, Array)
#2 /Applications/MAMP/htdocs/MatchingApp/lib/Cake/Core/App.php(933): call_user_func('ErrorHandler::h...', 64, 'Cannot redeclar...', '/Applications/M...', 5, Array)
#3 /Applications/MAMP/htdocs/MatchingApp/lib/Cake/Core/App.php(906): App::_checkFatalError()
#4 [internal function]: App::shutdown()
#5 {main}
2015-08-25 09:37:53 Error: Fatal Error (64): Cannot redeclare h() (previously declared in /Applications/MAMP/htdocs/MatchingApp/lib/Cake/basics.php:202) in [/Applications/MAMP/htdocs/MatchingApp/app/View/Seminars/suggesting_seminar.ctp, line 5]
2015-08-25 09:37:53 Error: [FatalErrorException] Cannot redeclare h() (previously declared in /Applications/MAMP/htdocs/MatchingApp/lib/Cake/basics.php:202)
Request URL: /MatchingApp/Seminars/suggestingSeminar
Stack Trace:
#0 /Applications/MAMP/htdocs/MatchingApp/lib/Cake/Error/ErrorHandler.php(213): ErrorHandler::handleFatalError(64, 'Cannot redeclar...', '/Applications/M...', 5)
#1 [internal function]: ErrorHandler::handleError(64, 'Cannot redeclar...', '/Applications/M...', 5, Array)
#2 /Applications/MAMP/htdocs/MatchingApp/lib/Cake/Core/App.php(933): call_user_func('ErrorHandler::h...', 64, 'Cannot redeclar...', '/Applications/M...', 5, Array)
#3 /Applications/MAMP/htdocs/MatchingApp/lib/Cake/Core/App.php(906): App::_checkFatalError()
#4 [internal function]: App::shutdown()
#5 {main}
2015-08-25 10:22:16 Error: [MissingActionException] Action SeminarsController::logout.php() could not be found.
Exception Attributes: array (
  'controller' => 'SeminarsController',
  'action' => 'logout.php',
)
Request URL: /MatchingApp/Seminars/logout.php
Stack Trace:
#0 /Applications/MAMP/htdocs/MatchingApp/lib/Cake/Routing/Dispatcher.php(193): Controller->invokeAction(Object(CakeRequest))
#1 /Applications/MAMP/htdocs/MatchingApp/lib/Cake/Routing/Dispatcher.php(167): Dispatcher->_invoke(Object(SeminarsController), Object(CakeRequest))
#2 /Applications/MAMP/htdocs/MatchingApp/app/webroot/index.php(118): Dispatcher->dispatch(Object(CakeRequest), Object(CakeResponse))
#3 {main}
2015-08-25 11:31:32 Error: [MissingActionException] Action SeminarsController::Tops() could not be found.
Exception Attributes: array (
  'controller' => 'SeminarsController',
  'action' => 'Tops',
)
Request URL: /MatchingApp/Seminars/Tops
Stack Trace:
#0 /Applications/MAMP/htdocs/MatchingApp/lib/Cake/Routing/Dispatcher.php(193): Controller->invokeAction(Object(CakeRequest))
#1 /Applications/MAMP/htdocs/MatchingApp/lib/Cake/Routing/Dispatcher.php(167): Dispatcher->_invoke(Object(SeminarsController), Object(CakeRequest))
#2 /Applications/MAMP/htdocs/MatchingApp/app/webroot/index.php(118): Dispatcher->dispatch(Object(CakeRequest), Object(CakeResponse))
#3 {main}
2015-08-25 11:31:56 Error: [MissingActionException] Action SeminarsController::Tops() could not be found.
Exception Attributes: array (
  'controller' => 'SeminarsController',
  'action' => 'Tops',
)
Request URL: /MatchingApp/Seminars/Tops/index
Stack Trace:
#0 /Applications/MAMP/htdocs/MatchingApp/lib/Cake/Routing/Dispatcher.php(193): Controller->invokeAction(Object(CakeRequest))
#1 /Applications/MAMP/htdocs/MatchingApp/lib/Cake/Routing/Dispatcher.php(167): Dispatcher->_invoke(Object(SeminarsController), Object(CakeRequest))
#2 /Applications/MAMP/htdocs/MatchingApp/app/webroot/index.php(118): Dispatcher->dispatch(Object(CakeRequest), Object(CakeResponse))
#3 {main}
2015-08-25 11:32:08 Error: [MissingActionException] Action SeminarsController::Tops() could not be found.
Exception Attributes: array (
  'controller' => 'SeminarsController',
  'action' => 'Tops',
)
Request URL: /MatchingApp/Seminars/Tops/index
Stack Trace:
#0 /Applications/MAMP/htdocs/MatchingApp/lib/Cake/Routing/Dispatcher.php(193): Controller->invokeAction(Object(CakeRequest))
#1 /Applications/MAMP/htdocs/MatchingApp/lib/Cake/Routing/Dispatcher.php(167): Dispatcher->_invoke(Object(SeminarsController), Object(CakeRequest))
#2 /Applications/MAMP/htdocs/MatchingApp/app/webroot/index.php(118): Dispatcher->dispatch(Object(CakeRequest), Object(CakeResponse))
#3 {main}
2015-08-25 11:32:18 Error: [MissingActionException] Action SeminarsController::Tops() could not be found.
Exception Attributes: array (
  'controller' => 'SeminarsController',
  'action' => 'Tops',
)
Request URL: /MatchingApp/Seminars/Tops/index
Stack Trace:
#0 /Applications/MAMP/htdocs/MatchingApp/lib/Cake/Routing/Dispatcher.php(193): Controller->invokeAction(Object(CakeRequest))
#1 /Applications/MAMP/htdocs/MatchingApp/lib/Cake/Routing/Dispatcher.php(167): Dispatcher->_invoke(Object(SeminarsController), Object(CakeRequest))
#2 /Applications/MAMP/htdocs/MatchingApp/app/webroot/index.php(118): Dispatcher->dispatch(Object(CakeRequest), Object(CakeResponse))
#3 {main}
2015-08-25 11:32:22 Error: [MissingActionException] Action SeminarsController::Tops() could not be found.
Exception Attributes: array (
  'controller' => 'SeminarsController',
  'action' => 'Tops',
)
Request URL: /MatchingApp/Seminars/Tops/index
Stack Trace:
#0 /Applications/MAMP/htdocs/MatchingApp/lib/Cake/Routing/Dispatcher.php(193): Controller->invokeAction(Object(CakeRequest))
#1 /Applications/MAMP/htdocs/MatchingApp/lib/Cake/Routing/Dispatcher.php(167): Dispatcher->_invoke(Object(SeminarsController), Object(CakeRequest))
#2 /Applications/MAMP/htdocs/MatchingApp/app/webroot/index.php(118): Dispatcher->dispatch(Object(CakeRequest), Object(CakeResponse))
#3 {main}
